Vivado Simulator v2022.2
Copyright 1986-1999, 2001-2022 Xilinx, Inc. All Rights Reserved.
Running: C:/Xilinx/Vivado/2022.2/bin/unwrapped/win64.o/xelab.exe --incr --debug typical --relax --mt 2 --maxdelay -L xil_defaultlib -L simprims_ver -L secureip --snapshot InstructionDecodeTB_time_impl -transport_int_delays -pulse_r 0 -pulse_int_r 0 -pulse_e 0 -pulse_int_e 0 xil_defaultlib.InstructionDecodeTB xil_defaultlib.glbl -log elaborate.log 
Using 2 slave threads.
Starting static elaboration
Pass Through NonSizing Optimizer
Completed static elaboration
Starting simulation data flow analysis
Completed simulation data flow analysis
INFO: [XSIM 43-3451] SDF backannotation process started with SDF file "InstructionDecodeTB_time_impl.sdf", for root module "InstructionDecodeTB/UUT".
INFO: [XSIM 43-3452] SDF backannotation was successful for SDF file "InstructionDecodeTB_time_impl.sdf", for root module "InstructionDecodeTB/UUT".
Time Resolution for simulation is 1ps
Compiling package std.standard
Compiling package std.textio
Compiling package ieee.std_logic_1164
Compiling package ieee.numeric_std
Compiling package vl.vl_types
Compiling module xil_defaultlib.glbl
Compiling module simprims_ver.OBUF
Compiling module simprims_ver.LUT6
Compiling module simprims_ver.x_lut2_mux4
Compiling module simprims_ver.LUT2
Compiling module simprims_ver.IBUF
Compiling module simprims_ver.RAMD32
Compiling module simprims_ver.RAMS32
Compiling module xil_defaultlib.RAM32M_UNIQ_BASE_
Compiling module xil_defaultlib.RAM32M_HD25
Compiling module xil_defaultlib.RAM32M_HD26
Compiling module xil_defaultlib.RAM32M_HD27
Compiling module xil_defaultlib.RAM32X1D_UNIQ_BASE_
Compiling module xil_defaultlib.RAM32X1D_HD28
Compiling module xil_defaultlib.RAM32M_HD29
Compiling module xil_defaultlib.RAM32M_HD30
Compiling module xil_defaultlib.RAM32M_HD31
Compiling module xil_defaultlib.RAM32M_HD32
Compiling module xil_defaultlib.RAM32M_HD33
Compiling module xil_defaultlib.RAM32X1D_HD34
Compiling module xil_defaultlib.RAM32X1D_HD35
Compiling module xil_defaultlib.RAM32M_HD36
Compiling module xil_defaultlib.RegisterFile
Compiling module simprims_ver.BUFG
Compiling module xil_defaultlib.InstructionDecode
Compiling architecture testbench of entity xil_defaultlib.instructiondecodetb
Built simulation snapshot InstructionDecodeTB_time_impl
