INFO: [VRFC 10-2263] Analyzing Verilog file "C:/Users/Frank Andes/Documents/VScode_VHDL/DSD2-Lab3/DSD2-Lab3.sim/sim_1/synth/timing/xsim/InstructionDecodeTB_time_synth.v" into library xil_defaultlib
INFO: [VRFC 10-311] analyzing module RAM32M_UNIQ_BASE_
INFO: [VRFC 10-311] analyzing module RAM32M_HD37
INFO: [VRFC 10-311] analyzing module RAM32M_HD38
INFO: [VRFC 10-311] analyzing module RAM32M_HD39
INFO: [VRFC 10-311] analyzing module RAM32M_HD41
INFO: [VRFC 10-311] analyzing module RAM32M_HD42
INFO: [VRFC 10-311] analyzing module RAM32M_HD43
INFO: [VRFC 10-311] analyzing module RAM32M_HD44
INFO: [VRFC 10-311] analyzing module RAM32M_HD45
INFO: [VRFC 10-311] analyzing module RAM32M_HD48
INFO: [VRFC 10-311] analyzing module RAM32X1D_UNIQ_BASE_
INFO: [VRFC 10-311] analyzing module RAM32X1D_HD40
INFO: [VRFC 10-311] analyzing module RAM32X1D_HD46
INFO: [VRFC 10-311] analyzing module RAM32X1D_HD47
INFO: [VRFC 10-311] analyzing module InstructionDecode
INFO: [VRFC 10-311] analyzing module RegisterFile
INFO: [VRFC 10-311] analyzing module glbl
INFO: [VRFC 10-163] Analyzing VHDL file "C:/Users/Frank Andes/Documents/VScode_VHDL/DSD2-Lab3/DSD2-Lab3.srcs/sim_1/imports/Downloads/InstructionDecodeTB.vhd" into library xil_defaultlib
INFO: [VRFC 10-3107] analyzing entity 'InstructionDecodeTB'
